[2025-12-21 14:49:55,654] {taskinstance.py:1032} INFO - Dependencies all met for <TaskInstance: HomeWork6.Fill_Tables_customer__order_items__orders__product_ manual__2025-12-21T14:44:45.446572+00:00 [queued]>
[2025-12-21 14:49:55,672] {taskinstance.py:1032} INFO - Dependencies all met for <TaskInstance: HomeWork6.Fill_Tables_customer__order_items__orders__product_ manual__2025-12-21T14:44:45.446572+00:00 [queued]>
[2025-12-21 14:49:55,672] {taskinstance.py:1238} INFO - 
--------------------------------------------------------------------------------
[2025-12-21 14:49:55,672] {taskinstance.py:1239} INFO - Starting attempt 2 of 2
[2025-12-21 14:49:55,672] {taskinstance.py:1240} INFO - 
--------------------------------------------------------------------------------
[2025-12-21 14:49:55,701] {taskinstance.py:1259} INFO - Executing <Task(PostgresOperator): Fill_Tables_customer__order_items__orders__product_> on 2025-12-21 14:44:45.446572+00:00
[2025-12-21 14:49:55,711] {standard_task_runner.py:52} INFO - Started process 3315 to run task
[2025-12-21 14:49:55,728] {standard_task_runner.py:76} INFO - Running: ['***', 'tasks', 'run', 'HomeWork6', 'Fill_Tables_customer__order_items__orders__product_', 'manual__2025-12-21T14:44:45.446572+00:00', '--job-id', '27', '--raw', '--subdir', 'DAGS_FOLDER/HomeWork6.py', '--cfg-path', '/tmp/tmp53zk7yz_', '--error-file', '/tmp/tmpph3qdgxn']
[2025-12-21 14:49:55,732] {standard_task_runner.py:77} INFO - Job 27: Subtask Fill_Tables_customer__order_items__orders__product_
[2025-12-21 14:49:55,917] {logging_mixin.py:109} INFO - Running <TaskInstance: HomeWork6.Fill_Tables_customer__order_items__orders__product_ manual__2025-12-21T14:44:45.446572+00:00 [running]> on host 16edff5d31fa
[2025-12-21 14:49:56,056] {taskinstance.py:1426} INFO - Exporting the following env vars:
AIRFLOW_CTX_DAG_OWNER=Solovev Egor
AIRFLOW_CTX_DAG_ID=HomeWork6
AIRFLOW_CTX_TASK_ID=Fill_Tables_customer__order_items__orders__product_
AIRFLOW_CTX_EXECUTION_DATE=2025-12-21T14:44:45.446572+00:00
AIRFLOW_CTX_DAG_RUN_ID=manual__2025-12-21T14:44:45.446572+00:00
[2025-12-21 14:49:56,079] {base.py:79} INFO - Using connection to: id: postgresql. Host: postgres, Port: 5432, Schema: postgres, Login: ***, Password: ***, extra: {}
[2025-12-21 14:49:56,096] {dbapi.py:225} INFO - Running statement: 
                COPY customer FROM 'opt/***/data_files/customer.csv'
                DELIMITER ';' CSV HEADER;
        , parameters: None
[2025-12-21 14:49:56,098] {taskinstance.py:1700} ERROR - Task failed with exception
Traceback (most recent call last):
  File "/home/airflow/.local/lib/python3.6/site-packages/airflow/models/taskinstance.py", line 1329, in _run_raw_task
    self._execute_task_with_callbacks(context)
  File "/home/airflow/.local/lib/python3.6/site-packages/airflow/models/taskinstance.py", line 1455, in _execute_task_with_callbacks
    result = self._execute_task(context, self.task)
  File "/home/airflow/.local/lib/python3.6/site-packages/airflow/models/taskinstance.py", line 1511, in _execute_task
    result = execute_callable(context=context)
  File "/home/airflow/.local/lib/python3.6/site-packages/airflow/providers/postgres/operators/postgres.py", line 69, in execute
    self.hook.run(self.sql, self.autocommit, parameters=self.parameters)
  File "/home/airflow/.local/lib/python3.6/site-packages/airflow/hooks/dbapi.py", line 205, in run
    self._run_command(cur, sql_statement, parameters)
  File "/home/airflow/.local/lib/python3.6/site-packages/airflow/hooks/dbapi.py", line 229, in _run_command
    cur.execute(sql_statement)
psycopg2.errors.UndefinedFile: could not open file "opt/***/data_files/customer.csv" for reading: No such file or directory
HINT:  COPY FROM instructs the PostgreSQL server process to read a file. You may want a client-side facility such as psql's \copy.

[2025-12-21 14:49:56,129] {taskinstance.py:1277} INFO - Marking task as FAILED. dag_id=HomeWork6, task_id=Fill_Tables_customer__order_items__orders__product_, execution_date=20251221T144445, start_date=20251221T144955, end_date=20251221T144956
[2025-12-21 14:49:56,149] {standard_task_runner.py:92} ERROR - Failed to execute job 27 for task Fill_Tables_customer__order_items__orders__product_
Traceback (most recent call last):
  File "/home/airflow/.local/lib/python3.6/site-packages/airflow/task/task_runner/standard_task_runner.py", line 85, in _start_by_fork
    args.func(args, dag=self.dag)
  File "/home/airflow/.local/lib/python3.6/site-packages/airflow/cli/cli_parser.py", line 48, in command
    return func(*args, **kwargs)
  File "/home/airflow/.local/lib/python3.6/site-packages/airflow/utils/cli.py", line 92, in wrapper
    return f(*args, **kwargs)
  File "/home/airflow/.local/lib/python3.6/site-packages/airflow/cli/commands/task_command.py", line 298, in task_run
    _run_task_by_selected_method(args, dag, ti)
  File "/home/airflow/.local/lib/python3.6/site-packages/airflow/cli/commands/task_command.py", line 107, in _run_task_by_selected_method
    _run_raw_task(args, ti)
  File "/home/airflow/.local/lib/python3.6/site-packages/airflow/cli/commands/task_command.py", line 184, in _run_raw_task
    error_file=args.error_file,
  File "/home/airflow/.local/lib/python3.6/site-packages/airflow/utils/session.py", line 70, in wrapper
    return func(*args, session=session, **kwargs)
  File "/home/airflow/.local/lib/python3.6/site-packages/airflow/models/taskinstance.py", line 1329, in _run_raw_task
    self._execute_task_with_callbacks(context)
  File "/home/airflow/.local/lib/python3.6/site-packages/airflow/models/taskinstance.py", line 1455, in _execute_task_with_callbacks
    result = self._execute_task(context, self.task)
  File "/home/airflow/.local/lib/python3.6/site-packages/airflow/models/taskinstance.py", line 1511, in _execute_task
    result = execute_callable(context=context)
  File "/home/airflow/.local/lib/python3.6/site-packages/airflow/providers/postgres/operators/postgres.py", line 69, in execute
    self.hook.run(self.sql, self.autocommit, parameters=self.parameters)
  File "/home/airflow/.local/lib/python3.6/site-packages/airflow/hooks/dbapi.py", line 205, in run
    self._run_command(cur, sql_statement, parameters)
  File "/home/airflow/.local/lib/python3.6/site-packages/airflow/hooks/dbapi.py", line 229, in _run_command
    cur.execute(sql_statement)
psycopg2.errors.UndefinedFile: could not open file "opt/***/data_files/customer.csv" for reading: No such file or directory
HINT:  COPY FROM instructs the PostgreSQL server process to read a file. You may want a client-side facility such as psql's \copy.

[2025-12-21 14:49:56,193] {local_task_job.py:154} INFO - Task exited with return code 1
[2025-12-21 14:49:56,321] {local_task_job.py:264} INFO - 0 downstream tasks scheduled from follow-on schedule check
