[2025-12-21 19:27:34,211] {taskinstance.py:1032} INFO - Dependencies all met for <TaskInstance: SolovevEgor_HW_05_ds_2025.run_query1 scheduled__2025-12-21T19:27:14.660595+00:00 [queued]>
[2025-12-21 19:27:34,222] {taskinstance.py:1032} INFO - Dependencies all met for <TaskInstance: SolovevEgor_HW_05_ds_2025.run_query1 scheduled__2025-12-21T19:27:14.660595+00:00 [queued]>
[2025-12-21 19:27:34,222] {taskinstance.py:1238} INFO - 
--------------------------------------------------------------------------------
[2025-12-21 19:27:34,222] {taskinstance.py:1239} INFO - Starting attempt 1 of 2
[2025-12-21 19:27:34,222] {taskinstance.py:1240} INFO - 
--------------------------------------------------------------------------------
[2025-12-21 19:27:34,231] {taskinstance.py:1259} INFO - Executing <Task(PythonOperator): run_query1> on 2025-12-21 19:27:14.660595+00:00
[2025-12-21 19:27:34,238] {standard_task_runner.py:76} INFO - Running: ['***', 'tasks', 'run', 'SolovevEgor_HW_05_ds_2025', 'run_query1', 'scheduled__2025-12-21T19:27:14.660595+00:00', '--job-id', '2594', '--raw', '--subdir', 'DAGS_FOLDER/SolovevEgor_HW_06_ds_2025.py', '--cfg-path', '/tmp/tmpmxyntwzv', '--error-file', '/tmp/tmpoygw6s7h']
[2025-12-21 19:27:34,239] {standard_task_runner.py:77} INFO - Job 2594: Subtask run_query1
[2025-12-21 19:27:34,235] {standard_task_runner.py:52} INFO - Started process 295 to run task
[2025-12-21 19:27:34,293] {logging_mixin.py:109} INFO - Running <TaskInstance: SolovevEgor_HW_05_ds_2025.run_query1 scheduled__2025-12-21T19:27:14.660595+00:00 [running]> on host 6e44f93f8024
[2025-12-21 19:27:34,338] {taskinstance.py:1426} INFO - Exporting the following env vars:
AIRFLOW_CTX_DAG_OWNER=Solovev Egor
AIRFLOW_CTX_DAG_ID=SolovevEgor_HW_05_ds_2025
AIRFLOW_CTX_TASK_ID=run_query1
AIRFLOW_CTX_EXECUTION_DATE=2025-12-21T19:27:14.660595+00:00
AIRFLOW_CTX_DAG_RUN_ID=scheduled__2025-12-21T19:27:14.660595+00:00
[2025-12-21 19:27:34,339] {taskinstance.py:1700} ERROR - Task failed with exception
Traceback (most recent call last):
  File "/home/airflow/.local/lib/python3.6/site-packages/airflow/models/taskinstance.py", line 1329, in _run_raw_task
    self._execute_task_with_callbacks(context)
  File "/home/airflow/.local/lib/python3.6/site-packages/airflow/models/taskinstance.py", line 1455, in _execute_task_with_callbacks
    result = self._execute_task(context, self.task)
  File "/home/airflow/.local/lib/python3.6/site-packages/airflow/models/taskinstance.py", line 1511, in _execute_task
    result = execute_callable(context=context)
  File "/home/airflow/.local/lib/python3.6/site-packages/airflow/operators/python.py", line 174, in execute
    return_value = self.execute_callable()
  File "/home/airflow/.local/lib/python3.6/site-packages/airflow/operators/python.py", line 185, in execute_callable
    return self.python_callable(*self.op_args, **self.op_kwargs)
  File "/opt/airflow/dags/SolovevEgor_HW_06_ds_2025.py", line 10, in get_sql_query
    with open(f"/opt/airflow/SQL_scripts/{query}") as f:
FileNotFoundError: [Errno 2] No such file or directory: '/opt/airflow/SQL_scripts/query5.sql'
[2025-12-21 19:27:34,350] {taskinstance.py:1277} INFO - Marking task as UP_FOR_RETRY. dag_id=SolovevEgor_HW_05_ds_2025, task_id=run_query1, execution_date=20251221T192714, start_date=20251221T192734, end_date=20251221T192734
[2025-12-21 19:27:34,362] {standard_task_runner.py:92} ERROR - Failed to execute job 2594 for task run_query1
Traceback (most recent call last):
  File "/home/airflow/.local/lib/python3.6/site-packages/airflow/task/task_runner/standard_task_runner.py", line 85, in _start_by_fork
    args.func(args, dag=self.dag)
  File "/home/airflow/.local/lib/python3.6/site-packages/airflow/cli/cli_parser.py", line 48, in command
    return func(*args, **kwargs)
  File "/home/airflow/.local/lib/python3.6/site-packages/airflow/utils/cli.py", line 92, in wrapper
    return f(*args, **kwargs)
  File "/home/airflow/.local/lib/python3.6/site-packages/airflow/cli/commands/task_command.py", line 298, in task_run
    _run_task_by_selected_method(args, dag, ti)
  File "/home/airflow/.local/lib/python3.6/site-packages/airflow/cli/commands/task_command.py", line 107, in _run_task_by_selected_method
    _run_raw_task(args, ti)
  File "/home/airflow/.local/lib/python3.6/site-packages/airflow/cli/commands/task_command.py", line 184, in _run_raw_task
    error_file=args.error_file,
  File "/home/airflow/.local/lib/python3.6/site-packages/airflow/utils/session.py", line 70, in wrapper
    return func(*args, session=session, **kwargs)
  File "/home/airflow/.local/lib/python3.6/site-packages/airflow/models/taskinstance.py", line 1329, in _run_raw_task
    self._execute_task_with_callbacks(context)
  File "/home/airflow/.local/lib/python3.6/site-packages/airflow/models/taskinstance.py", line 1455, in _execute_task_with_callbacks
    result = self._execute_task(context, self.task)
  File "/home/airflow/.local/lib/python3.6/site-packages/airflow/models/taskinstance.py", line 1511, in _execute_task
    result = execute_callable(context=context)
  File "/home/airflow/.local/lib/python3.6/site-packages/airflow/operators/python.py", line 174, in execute
    return_value = self.execute_callable()
  File "/home/airflow/.local/lib/python3.6/site-packages/airflow/operators/python.py", line 185, in execute_callable
    return self.python_callable(*self.op_args, **self.op_kwargs)
  File "/opt/airflow/dags/SolovevEgor_HW_06_ds_2025.py", line 10, in get_sql_query
    with open(f"/opt/airflow/SQL_scripts/{query}") as f:
FileNotFoundError: [Errno 2] No such file or directory: '/opt/airflow/SQL_scripts/query5.sql'
[2025-12-21 19:27:34,376] {local_task_job.py:154} INFO - Task exited with return code 1
[2025-12-21 19:27:34,401] {local_task_job.py:264} INFO - 0 downstream tasks scheduled from follow-on schedule check
