[2025-12-21 15:11:29,615] {taskinstance.py:1032} INFO - Dependencies all met for <TaskInstance: HomeWork6.Fill_Tables_customer__order_items__orders__product_ manual__2025-12-21T15:06:25.883902+00:00 [queued]>
[2025-12-21 15:11:29,630] {taskinstance.py:1032} INFO - Dependencies all met for <TaskInstance: HomeWork6.Fill_Tables_customer__order_items__orders__product_ manual__2025-12-21T15:06:25.883902+00:00 [queued]>
[2025-12-21 15:11:29,630] {taskinstance.py:1238} INFO - 
--------------------------------------------------------------------------------
[2025-12-21 15:11:29,630] {taskinstance.py:1239} INFO - Starting attempt 2 of 2
[2025-12-21 15:11:29,630] {taskinstance.py:1240} INFO - 
--------------------------------------------------------------------------------
[2025-12-21 15:11:29,655] {taskinstance.py:1259} INFO - Executing <Task(PostgresOperator): Fill_Tables_customer__order_items__orders__product_> on 2025-12-21 15:06:25.883902+00:00
[2025-12-21 15:11:29,662] {standard_task_runner.py:52} INFO - Started process 355 to run task
[2025-12-21 15:11:29,669] {standard_task_runner.py:76} INFO - Running: ['***', 'tasks', 'run', 'HomeWork6', 'Fill_Tables_customer__order_items__orders__product_', 'manual__2025-12-21T15:06:25.883902+00:00', '--job-id', '45', '--raw', '--subdir', 'DAGS_FOLDER/HomeWork6.py', '--cfg-path', '/tmp/tmpswzdhw4l', '--error-file', '/tmp/tmpseeojimq']
[2025-12-21 15:11:29,670] {standard_task_runner.py:77} INFO - Job 45: Subtask Fill_Tables_customer__order_items__orders__product_
[2025-12-21 15:11:29,781] {logging_mixin.py:109} INFO - Running <TaskInstance: HomeWork6.Fill_Tables_customer__order_items__orders__product_ manual__2025-12-21T15:06:25.883902+00:00 [running]> on host ee9896260e3b
[2025-12-21 15:11:29,882] {taskinstance.py:1426} INFO - Exporting the following env vars:
AIRFLOW_CTX_DAG_OWNER=Solovev Egor
AIRFLOW_CTX_DAG_ID=HomeWork6
AIRFLOW_CTX_TASK_ID=Fill_Tables_customer__order_items__orders__product_
AIRFLOW_CTX_EXECUTION_DATE=2025-12-21T15:06:25.883902+00:00
AIRFLOW_CTX_DAG_RUN_ID=manual__2025-12-21T15:06:25.883902+00:00
[2025-12-21 15:11:29,896] {base.py:79} INFO - Using connection to: id: postgresql. Host: postgres, Port: 5432, Schema: postgres, Login: ***, Password: ***, extra: {}
[2025-12-21 15:11:29,902] {dbapi.py:225} INFO - Running statement: 
                COPY customer FROM 'opt/***/data_files/customer.csv'
                DELIMITER ';' CSV HEADER;
        , parameters: None
[2025-12-21 15:11:29,904] {taskinstance.py:1700} ERROR - Task failed with exception
Traceback (most recent call last):
  File "/home/airflow/.local/lib/python3.6/site-packages/airflow/models/taskinstance.py", line 1329, in _run_raw_task
    self._execute_task_with_callbacks(context)
  File "/home/airflow/.local/lib/python3.6/site-packages/airflow/models/taskinstance.py", line 1455, in _execute_task_with_callbacks
    result = self._execute_task(context, self.task)
  File "/home/airflow/.local/lib/python3.6/site-packages/airflow/models/taskinstance.py", line 1511, in _execute_task
    result = execute_callable(context=context)
  File "/home/airflow/.local/lib/python3.6/site-packages/airflow/providers/postgres/operators/postgres.py", line 69, in execute
    self.hook.run(self.sql, self.autocommit, parameters=self.parameters)
  File "/home/airflow/.local/lib/python3.6/site-packages/airflow/hooks/dbapi.py", line 205, in run
    self._run_command(cur, sql_statement, parameters)
  File "/home/airflow/.local/lib/python3.6/site-packages/airflow/hooks/dbapi.py", line 229, in _run_command
    cur.execute(sql_statement)
psycopg2.errors.UndefinedFile: could not open file "opt/***/data_files/customer.csv" for reading: No such file or directory
HINT:  COPY FROM instructs the PostgreSQL server process to read a file. You may want a client-side facility such as psql's \copy.

[2025-12-21 15:11:29,930] {taskinstance.py:1277} INFO - Marking task as FAILED. dag_id=HomeWork6, task_id=Fill_Tables_customer__order_items__orders__product_, execution_date=20251221T150625, start_date=20251221T151129, end_date=20251221T151129
[2025-12-21 15:11:29,949] {standard_task_runner.py:92} ERROR - Failed to execute job 45 for task Fill_Tables_customer__order_items__orders__product_
Traceback (most recent call last):
  File "/home/airflow/.local/lib/python3.6/site-packages/airflow/task/task_runner/standard_task_runner.py", line 85, in _start_by_fork
    args.func(args, dag=self.dag)
  File "/home/airflow/.local/lib/python3.6/site-packages/airflow/cli/cli_parser.py", line 48, in command
    return func(*args, **kwargs)
  File "/home/airflow/.local/lib/python3.6/site-packages/airflow/utils/cli.py", line 92, in wrapper
    return f(*args, **kwargs)
  File "/home/airflow/.local/lib/python3.6/site-packages/airflow/cli/commands/task_command.py", line 298, in task_run
    _run_task_by_selected_method(args, dag, ti)
  File "/home/airflow/.local/lib/python3.6/site-packages/airflow/cli/commands/task_command.py", line 107, in _run_task_by_selected_method
    _run_raw_task(args, ti)
  File "/home/airflow/.local/lib/python3.6/site-packages/airflow/cli/commands/task_command.py", line 184, in _run_raw_task
    error_file=args.error_file,
  File "/home/airflow/.local/lib/python3.6/site-packages/airflow/utils/session.py", line 70, in wrapper
    return func(*args, session=session, **kwargs)
  File "/home/airflow/.local/lib/python3.6/site-packages/airflow/models/taskinstance.py", line 1329, in _run_raw_task
    self._execute_task_with_callbacks(context)
  File "/home/airflow/.local/lib/python3.6/site-packages/airflow/models/taskinstance.py", line 1455, in _execute_task_with_callbacks
    result = self._execute_task(context, self.task)
  File "/home/airflow/.local/lib/python3.6/site-packages/airflow/models/taskinstance.py", line 1511, in _execute_task
    result = execute_callable(context=context)
  File "/home/airflow/.local/lib/python3.6/site-packages/airflow/providers/postgres/operators/postgres.py", line 69, in execute
    self.hook.run(self.sql, self.autocommit, parameters=self.parameters)
  File "/home/airflow/.local/lib/python3.6/site-packages/airflow/hooks/dbapi.py", line 205, in run
    self._run_command(cur, sql_statement, parameters)
  File "/home/airflow/.local/lib/python3.6/site-packages/airflow/hooks/dbapi.py", line 229, in _run_command
    cur.execute(sql_statement)
psycopg2.errors.UndefinedFile: could not open file "opt/***/data_files/customer.csv" for reading: No such file or directory
HINT:  COPY FROM instructs the PostgreSQL server process to read a file. You may want a client-side facility such as psql's \copy.

[2025-12-21 15:11:30,005] {local_task_job.py:154} INFO - Task exited with return code 1
[2025-12-21 15:11:30,063] {local_task_job.py:264} INFO - 0 downstream tasks scheduled from follow-on schedule check
